<?xml version="1.0" encoding="UTF-8"?>
<!-- Generated by org.testng.reporters.JUnitXMLReporter -->
<testsuite hostname="RLIMSI-SYS207" ignored="4" name="Test" tests="4" failures="1" timestamp="19 Jul 2017 12:30:21 GMT" time="22.135" errors="0">
  <testcase name="testNoParameter" time="22.089" classname="firsttestngpackage.ShivTest">
    <failure type="org.openqa.selenium.remote.UnreachableBrowserException" message="Could not start a new session. Possible causes are invalid address of the remote server or browser start-up failure.
Build info: version: &amp;apos;3.4.0&amp;apos;, revision: &amp;apos;unknown&amp;apos;, time: &amp;apos;unknown&amp;apos;
System info: host: &amp;apos;RLIMSI-SYS207&amp;apos;, ip: &amp;apos;192.168.12.76&amp;apos;, os.name: &amp;apos;Windows 7&amp;apos;, os.arch: &amp;apos;x86&amp;apos;, os.version: &amp;apos;6.1&amp;apos;, java.version: &amp;apos;1.8.0_131&amp;apos;
Driver info: driver.version: FirefoxDriver">
      <![CDATA[org.openqa.selenium.remote.UnreachableBrowserException: Could not start a new session. Possible causes are invalid address of the remote server or browser start-up failure.
Build info: version: '3.4.0', revision: 'unknown', time: 'unknown'
System info: host: 'RLIMSI-SYS207', ip: '192.168.12.76', os.name: 'Windows 7', os.arch: 'x86', os.version: '6.1', java.version: '1.8.0_131'
Driver info: driver.version: FirefoxDriver
	at org.openqa.selenium.remote.RemoteWebDriver.execute(RemoteWebDriver.java:658)
	at org.openqa.selenium.remote.RemoteWebDriver.startSession(RemoteWebDriver.java:250)
	at org.openqa.selenium.remote.RemoteWebDriver.startSession(RemoteWebDriver.java:236)
	at org.openqa.selenium.remote.RemoteWebDriver.<init>(RemoteWebDriver.java:137)
	at org.openqa.selenium.firefox.FirefoxDriver.<init>(FirefoxDriver.java:191)
	at org.openqa.selenium.firefox.FirefoxDriver.<init>(FirefoxDriver.java:108)
	at org.openqa.selenium.firefox.FirefoxDriver.<init>(FirefoxDriver.java:104)
	at firsttestngpackage.ShivTest.testNoParameter(ShivTest.java:21)
Caused by: java.lang.NullPointerException
	at org.openqa.selenium.remote.service.DriverService.waitUntilAvailable(DriverService.java:192)
	at org.openqa.selenium.firefox.XpiDriverService.start(XpiDriverService.java:94)
	at org.openqa.selenium.remote.service.DriverCommandExecutor.execute(DriverCommandExecutor.java:78)
	at org.openqa.selenium.remote.RemoteWebDriver.execute(RemoteWebDriver.java:637)
	... 32 more
... Removed 25 stack frames]]>
    </failure>
  </testcase> <!-- testNoParameter -->
  <testcase name="testDemoA" time="0.002" classname="firsttestngpackage.DemoA"/>
  <testcase name="testDemoB1" time="0.002" classname="firsttestngpackage.DemoB"/>
  <testcase name="testDemoB" time="0.002" classname="firsttestngpackage.DemoB"/>
  <testcase name="@BeforeSuite m1" time="0.0" classname="firsttestngpackage.BaseTest">
    <ignored/>
  </testcase> <!-- @BeforeSuite m1 -->
  <testcase name="@AfterTest m4" time="0.0" classname="firsttestngpackage.BaseTest">
    <ignored/>
  </testcase> <!-- @AfterTest m4 -->
  <testcase name="@BeforeTest m3" time="0.0" classname="firsttestngpackage.BaseTest">
    <ignored/>
  </testcase> <!-- @BeforeTest m3 -->
  <testcase name="@AfterSuite m2" time="0.0" classname="firsttestngpackage.BaseTest">
    <ignored/>
  </testcase> <!-- @AfterSuite m2 -->
</testsuite> <!-- Test -->
